[0223/231413.989:ERROR:process_memory_win.cc(73)] ReadMemory at 0x1b44d8f0770 of 72 bytes failed: Only part of a ReadProcessMemory or WriteProcessMemory request was completed. (0x12B)
[0223/231414.035:WARNING:pe_image_annotations_reader.cc(134)] could not read annotations list object in C:\Program Files (x86)\Google\Chrome\Application\80.0.3987.116\chrome_elf.dll
[0223/231414.039:ERROR:process_memory_win.cc(73)] ReadMemory at 0x7ff9144e0000 of 64 bytes failed: Only part of a ReadProcessMemory or WriteProcessMemory request was completed. (0x12B)
[0223/231414.039:WARNING:pe_image_reader.cc(340)] could not read dos header from C:\WINDOWS\SYSTEM32\VERSION.dll
[0223/231414.039:ERROR:process_memory_win.cc(73)] ReadMemory at 0x7ff9201e0000 of 64 bytes failed: Only part of a ReadProcessMemory or WriteProcessMemory request was completed. (0x12B)
[0223/231414.039:WARNING:pe_image_reader.cc(340)] could not read dos header from C:\WINDOWS\System32\msvcrt.dll
[0223/231414.040:ERROR:process_memory_win.cc(73)] ReadMemory at 0x7ff91fb40000 of 64 bytes failed: Only part of a ReadProcessMemory or WriteProcessMemory request was completed. (0x12B)
[0223/231414.040:WARNING:pe_image_reader.cc(340)] could not read dos header from C:\WINDOWS\System32\bcryptPrimitives.dll
[0223/231414.040:ERROR:process_memory_win.cc(73)] ReadMemory at 0x7ff920280000 of 64 bytes failed: Only part of a ReadProcessMemory or WriteProcessMemory request was completed. (0x12B)
[0223/231414.040:WARNING:pe_image_reader.cc(340)] could not read dos header from C:\WINDOWS\System32\ADVAPI32.dll
[0223/231414.040:ERROR:process_memory_win.cc(73)] ReadMemory at 0x7ff9213f0000 of 64 bytes failed: Only part of a ReadProcessMemory or WriteProcessMemory request was completed. (0x12B)
[0223/231414.040:WARNING:pe_image_reader.cc(340)] could not read dos header from C:\WINDOWS\System32\sechost.dll
[0223/231414.040:ERROR:process_memory_win.cc(73)] ReadMemory at 0x7ff921fd0000 of 64 bytes failed: Only part of a ReadProcessMemory or WriteProcessMemory request was completed. (0x12B)
[0223/231414.040:WARNING:pe_image_reader.cc(340)] could not read dos header from C:\WINDOWS\System32\RPCRT4.dll
[0223/231414.040:ERROR:process_memory_win.cc(73)] ReadMemory at 0x7ff8bf450000 of 64 bytes failed: Only part of a ReadProcessMemory or WriteProcessMemory request was completed. (0x12B)
[0223/231414.040:WARNING:pe_image_reader.cc(340)] could not read dos header from C:\Program Files (x86)\Google\Chrome\Application\80.0.3987.116\chrome.dll
[0223/231414.040:ERROR:process_memory_win.cc(73)] ReadMemory at 0x7ff921e20000 of 64 bytes failed: Only part of a ReadProcessMemory or WriteProcessMemory request was completed. (0x12B)
[0223/231414.040:WARNING:pe_image_reader.cc(340)] could not read dos header from C:\WINDOWS\System32\WS2_32.dll
[0223/231414.040:ERROR:process_memory_win.cc(73)] ReadMemory at 0x7ff9212b0000 of 64 bytes failed: Only part of a ReadProcessMemory or WriteProcessMemory request was completed. (0x12B)
[0223/231414.040:WARNING:pe_image_reader.cc(340)] could not read dos header from C:\WINDOWS\System32\OLEAUT32.dll
[0223/231414.040:ERROR:process_memory_win.cc(73)] ReadMemory at 0x7ff91f0c0000 of 64 bytes failed: Only part of a ReadProcessMemory or WriteProcessMemory request was completed. (0x12B)
[0223/231414.040:WARNING:pe_image_reader.cc(340)] could not read dos header from C:\WINDOWS\System32\msvcp_win.dll
[0223/231414.040:ERROR:process_memory_win.cc(73)] ReadMemory at 0x7ff91fbc0000 of 64 bytes failed: Only part of a ReadProcessMemory or WriteProcessMemory request was completed. (0x12B)
[0223/231414.040:WARNING:pe_image_reader.cc(340)] could not read dos header from C:\WINDOWS\System32\ucrtbase.dll
[0223/231414.040:ERROR:process_memory_win.cc(73)] ReadMemory at 0x7ff920330000 of 64 bytes failed: Only part of a ReadProcessMemory or WriteProcessMemory request was completed. (0x12B)
[0223/231414.040:WARNING:pe_image_reader.cc(340)] could not read dos header from C:\WINDOWS\System32\combase.dll
[0223/231414.040:ERROR:process_memory_win.cc(73)] ReadMemory at 0x7ff91f160000 of 64 bytes failed: Only part of a ReadProcessMemory or WriteProcessMemory request was completed. (0x12B)
[0223/231414.041:WARNING:pe_image_reader.cc(340)] could not read dos header from C:\WINDOWS\System32\WINTRUST.dll
[0223/231414.041:ERROR:process_memory_win.cc(73)] ReadMemory at 0x7ff91f080000 of 64 bytes failed: Only part of a ReadProcessMemory or WriteProcessMemory request was completed. (0x12B)
[0223/231414.041:WARNING:pe_image_reader.cc(340)] could not read dos header from C:\WINDOWS\System32\MSASN1.dll
[0223/231414.041:ERROR:process_memory_win.cc(73)] ReadMemory at 0x7ff920090000 of 64 bytes failed: Only part of a ReadProcessMemory or WriteProcessMemory request was completed. (0x12B)
[0223/231414.041:WARNING:pe_image_reader.cc(340)] could not read dos header from C:\WINDOWS\System32\CRYPT32.dll
[0223/231414.041:ERROR:process_memory_win.cc(73)] ReadMemory at 0x7ff91e580000 of 64 bytes failed: Only part of a ReadProcessMemory or WriteProcessMemory request was completed. (0x12B)
[0223/231414.041:WARNING:pe_image_reader.cc(340)] could not read dos header from C:\WINDOWS\SYSTEM32\IPHLPAPI.DLL
[0223/231414.041:ERROR:process_memory_win.cc(73)] ReadMemory at 0x7ff91b8d0000 of 64 bytes failed: Only part of a ReadProcessMemory or WriteProcessMemory request was completed. (0x12B)
[0223/231414.041:WARNING:pe_image_reader.cc(340)] could not read dos header from C:\WINDOWS\SYSTEM32\WINMM.dll
[0223/231414.041:ERROR:process_memory_win.cc(73)] ReadMemory at 0x7ff910090000 of 64 bytes failed: Only part of a ReadProcessMemory or WriteProcessMemory request was completed. (0x12B)
[0223/231414.041:WARNING:pe_image_reader.cc(340)] could not read dos header from C:\WINDOWS\SYSTEM32\Secur32.dll
[0223/231414.041:ERROR:process_memory_win.cc(73)] ReadMemory at 0x7ff91ef20000 of 64 bytes failed: Only part of a ReadProcessMemory or WriteProcessMemory request was completed. (0x12B)
[0223/231414.041:WARNING:pe_image_reader.cc(340)] could not read dos header from C:\WINDOWS\SYSTEM32\USERENV.dll
[0223/231414.041:ERROR:process_memory_win.cc(73)] ReadMemory at 0x7ff91f0a0000 of 64 bytes failed: Only part of a ReadProcessMemory or WriteProcessMemory request was completed. (0x12B)
[0223/231414.041:WARNING:pe_image_reader.cc(340)] could not read dos header from C:\WINDOWS\System32\profapi.dll
[0223/231414.041:ERROR:process_memory_win.cc(73)] ReadMemory at 0x7ff8f2b30000 of 64 bytes failed: Only part of a ReadProcessMemory or WriteProcessMemory request was completed. (0x12B)
[0223/231414.041:WARNING:pe_image_reader.cc(340)] could not read dos header from C:\WINDOWS\SYSTEM32\UIAutomationCore.DLL
[0223/231414.041:ERROR:process_memory_win.cc(73)] ReadMemory at 0x7ff917d30000 of 64 bytes failed: Only part of a ReadProcessMemory or WriteProcessMemory request was completed. (0x12B)
[0223/231414.041:WARNING:pe_image_reader.cc(340)] could not read dos header from C:\WINDOWS\SYSTEM32\DWrite.dll
[0223/231414.041:ERROR:process_memory_win.cc(73)] ReadMemory at 0x7ff911500000 of 64 bytes failed: Only part of a ReadProcessMemory or WriteProcessMemory request was completed. (0x12B)
[0223/231414.041:WARNING:pe_image_reader.cc(340)] could not read dos header from C:\WINDOWS\SYSTEM32\WINSPOOL.DRV
[0223/231414.041:ERROR:process_memory_win.cc(73)] ReadMemory at 0x7ff91f010000 of 64 bytes failed: Only part of a ReadProcessMemory or WriteProcessMemory request was completed. (0x12B)
[0223/231414.041:WARNING:pe_image_reader.cc(340)] could not read dos header from C:\WINDOWS\System32\kernel.appcore.dll
[0223/231414.041:ERROR:process_memory_win.cc(73)] ReadMemory at 0x7ff91f1f0000 of 64 bytes failed: Only part of a ReadProcessMemory or WriteProcessMemory request was completed. (0x12B)
[0223/231414.041:WARNING:pe_image_reader.cc(340)] could not read dos header from C:\WINDOWS\System32\bcrypt.dll
[0223/231414.041:ERROR:process_memory_win.cc(73)] ReadMemory at 0x7ff91d8e0000 of 64 bytes failed: Only part of a ReadProcessMemory or WriteProcessMemory request was completed. (0x12B)
[0223/231414.041:WARNING:pe_image_reader.cc(340)] could not read dos header from C:\WINDOWS\SYSTEM32\dbghelp.dll
[0223/231414.041:ERROR:process_memory_win.cc(73)] ReadMemory at 0x7ff9124d0000 of 64 bytes failed: Only part of a ReadProcessMemory or WriteProcessMemory request was completed. (0x12B)
[0223/231414.041:WARNING:pe_image_reader.cc(340)] could not read dos header from C:\WINDOWS\SYSTEM32\WINHTTP.dll
[0223/231414.041:ERROR:process_memory_win.cc(73)] ReadMemory at 0x7ff913410000 of 64 bytes failed: Only part of a ReadProcessMemory or WriteProcessMemory request was completed. (0x12B)
[0223/231414.041:WARNING:pe_image_reader.cc(340)] could not read dos header from C:\WINDOWS\SYSTEM32\dhcpcsvc.DLL
[0223/231414.041:ERROR:process_memory_win.cc(73)] ReadMemory at 0x7ff9207f0000 of 64 bytes failed: Only part of a ReadProcessMemory or WriteProcessMemory request was completed. (0x12B)
[0223/231414.041:WARNING:pe_image_reader.cc(340)] could not read dos header from C:\WINDOWS\System32\NSI.dll
[0223/231414.041:ERROR:process_memory_win.cc(73)] ReadMemory at 0x7ff91b8a0000 of 64 bytes failed: Only part of a ReadProcessMemory or WriteProcessMemory request was completed. (0x12B)
[0223/231414.041:WARNING:pe_image_reader.cc(340)] could not read dos header from C:\WINDOWS\SYSTEM32\WINMMBASE.dll
[0223/231414.041:ERROR:process_memory_win.cc(73)] ReadMemory at 0x7ff91fd70000 of 64 bytes failed: Only part of a ReadProcessMemory or WriteProcessMemory request was completed. (0x12B)
[0223/231414.041:WARNING:pe_image_reader.cc(340)] could not read dos header from C:\WINDOWS\System32\cfgmgr32.dll
[0223/231414.041:ERROR:process_memory_win.cc(73)] ReadMemory at 0x7ff91b5d0000 of 64 bytes failed: Only part of a ReadProcessMemory or WriteProcessMemory request was completed. (0x12B)
[0223/231414.041:WARNING:pe_image_reader.cc(340)] could not read dos header from C:\WINDOWS\SYSTEM32\PROPSYS.dll
[0223/231414.041:ERROR:process_memory_win.cc(73)] ReadMemory at 0x7ff920740000 of 64 bytes failed: Only part of a ReadProcessMemory or WriteProcessMemory request was completed. (0x12B)
[0223/231414.041:WARNING:pe_image_reader.cc(340)] could not read dos header from C:\WINDOWS\System32\shcore.dll
[0223/231414.041:ERROR:process_memory_win.cc(73)] ReadMemory at 0x7ff91eef0000 of 64 bytes failed: Only part of a ReadProcessMemory or WriteProcessMemory request was completed. (0x12B)
[0223/231414.041:WARNING:pe_image_reader.cc(340)] could not read dos header from C:\WINDOWS\SYSTEM32\SSPICLI.DLL
[0223/231414.041:ERROR:process_memory_win.cc(73)] ReadMemory at 0x7ff9208a0000 of 64 bytes failed: Only part of a ReadProcessMemory or WriteProcessMemory request was completed. (0x12B)
[0223/231414.041:WARNING:pe_image_reader.cc(340)] could not read dos header from C:\WINDOWS\System32\SHELL32.dll
[0223/231414.041:ERROR:process_memory_win.cc(73)] ReadMemory at 0x7ff91f3c0000 of 64 bytes failed: Only part of a ReadProcessMemory or WriteProcessMemory request was completed. (0x12B)
[0223/231414.041:WARNING:pe_image_reader.cc(340)] could not read dos header from C:\WINDOWS\System32\windows.storage.dll
[0223/231414.041:ERROR:process_memory_win.cc(73)] ReadMemory at 0x7ff91f030000 of 64 bytes failed: Only part of a ReadProcessMemory or WriteProcessMemory request was completed. (0x12B)
[0223/231414.041:WARNING:pe_image_reader.cc(340)] could not read dos header from C:\WINDOWS\System32\powrprof.dll
[0223/231414.041:ERROR:process_memory_win.cc(73)] ReadMemory at 0x7ff91f000000 of 64 bytes failed: Only part of a ReadProcessMemory or WriteProcessMemory request was completed. (0x12B)
[0223/231414.041:WARNING:pe_image_reader.cc(340)] could not read dos header from C:\WINDOWS\System32\UMPDC.dll
[0223/231414.041:ERROR:process_memory_win.cc(73)] ReadMemory at 0x7ff921ab0000 of 64 bytes failed: Only part of a ReadProcessMemory or WriteProcessMemory request was completed. (0x12B)
[0223/231414.041:WARNING:pe_image_reader.cc(340)] could not read dos header from C:\WINDOWS\System32\shlwapi.dll
[0223/231414.041:ERROR:process_memory_win.cc(73)] ReadMemory at 0x7ff9215b0000 of 64 bytes failed: Only part of a ReadProcessMemory or WriteProcessMemory request was completed. (0x12B)
[0223/231414.041:WARNING:pe_image_reader.cc(340)] could not read dos header from C:\WINDOWS\System32\GDI32.dll
[0223/231414.041:ERROR:process_memory_win.cc(73)] ReadMemory at 0x7ff91f1c0000 of 64 bytes failed: Only part of a ReadProcessMemory or WriteProcessMemory request was completed. (0x12B)
[0223/231414.041:WARNING:pe_image_reader.cc(340)] could not read dos header from C:\WINDOWS\System32\win32u.dll
[0223/231414.041:ERROR:process_memory_win.cc(73)] ReadMemory at 0x7ff91f220000 of 64 bytes failed: Only part of a ReadProcessMemory or WriteProcessMemory request was completed. (0x12B)
[0223/231414.041:WARNING:pe_image_reader.cc(340)] could not read dos header from C:\WINDOWS\System32\gdi32full.dll
[0223/231414.041:ERROR:process_memory_win.cc(73)] ReadMemory at 0x7ff920f90000 of 64 bytes failed: Only part of a ReadProcessMemory or WriteProcessMemory request was completed. (0x12B)
[0223/231414.041:WARNING:pe_image_reader.cc(340)] could not read dos header from C:\WINDOWS\System32\USER32.dll
[0223/231414.041:ERROR:process_memory_win.cc(73)] ReadMemory at 0x7ff920070000 of 64 bytes failed: Only part of a ReadProcessMemory or WriteProcessMemory request was completed. (0x12B)
[0223/231414.041:WARNING:pe_image_reader.cc(340)] could not read dos header from C:\WINDOWS\System32\cryptsp.dll
[0223/231414.041:ERROR:process_memory_win.cc(73)] ReadMemory at 0x7ff920800000 of 64 bytes failed: Only part of a ReadProcessMemory or WriteProcessMemory request was completed. (0x12B)
[0223/231414.041:WARNING:pe_image_reader.cc(340)] could not read dos header from C:\WINDOWS\System32\IMM32.DLL
[0223/231414.041:ERROR:process_memory_win.cc(73)] ReadMemory at 0x7ff91ea40000 of 64 bytes failed: Only part of a ReadProcessMemory or WriteProcessMemory request was completed. (0x12B)
[0223/231414.041:WARNING:pe_image_reader.cc(340)] could not read dos header from C:\WINDOWS\SYSTEM32\CRYPTBASE.DLL
[0223/231414.041:ERROR:process_memory_win.cc(73)] ReadMemory at 0x7ff6bdcc0000 of 64 bytes failed: Only part of a ReadProcessMemory or WriteProcessMemory request was completed. (0x12B)
[0223/231414.041:WARNING:pe_image_reader.cc(340)] could not read dos header from C:\Program Files (x86)\Google\Chrome\Application\chrome.exe
[0223/231414.041:ERROR:process_memory_win.cc(73)] ReadMemory at 0x7ff922160000 of 64 bytes failed: Only part of a ReadProcessMemory or WriteProcessMemory request was completed. (0x12B)
[0223/231414.041:WARNING:pe_image_reader.cc(340)] could not read dos header from C:\WINDOWS\SYSTEM32\ntdll.dll
[0223/231414.041:ERROR:process_memory_win.cc(73)] ReadMemory at 0x7ff9211e0000 of 64 bytes failed: Only part of a ReadProcessMemory or WriteProcessMemory request was completed. (0x12B)
[0223/231414.041:WARNING:pe_image_reader.cc(340)] could not read dos header from C:\WINDOWS\System32\KERNEL32.DLL
[0223/231414.041:ERROR:process_memory_win.cc(73)] ReadMemory at 0x7ff91fdc0000 of 64 bytes failed: Only part of a ReadProcessMemory or WriteProcessMemory request was completed. (0x12B)
[0223/231414.041:WARNING:pe_image_reader.cc(340)] could not read dos header from C:\WINDOWS\System32\KERNELBASE.dll
[0223/231414.041:ERROR:process_memory_win.cc(73)] ReadMemory at 0x7ff8eabe0000 of 64 bytes failed: Only part of a ReadProcessMemory or WriteProcessMemory request was completed. (0x12B)
[0223/231414.041:WARNING:pe_image_reader.cc(340)] could not read dos header from C:\Program Files (x86)\Google\Chrome\Application\80.0.3987.116\chrome_elf.dll
[0223/231414.041:ERROR:process_memory_win.cc(73)] ReadMemory at 0x7ff9144e0000 of 64 bytes failed: Only part of a ReadProcessMemory or WriteProcessMemory request was completed. (0x12B)
[0223/231414.041:WARNING:pe_image_reader.cc(340)] could not read dos header from C:\WINDOWS\SYSTEM32\VERSION.dll
[0223/231414.041:ERROR:process_memory_win.cc(73)] ReadMemory at 0x7ff9201e0000 of 64 bytes failed: Only part of a ReadProcessMemory or WriteProcessMemory request was completed. (0x12B)
[0223/231414.041:WARNING:pe_image_reader.cc(340)] could not read dos header from C:\WINDOWS\System32\msvcrt.dll
[0223/231414.041:ERROR:process_memory_win.cc(73)] ReadMemory at 0x7ff91fb40000 of 64 bytes failed: Only part of a ReadProcessMemory or WriteProcessMemory request was completed. (0x12B)
[0223/231414.041:WARNING:pe_image_reader.cc(340)] could not read dos header from C:\WINDOWS\System32\bcryptPrimitives.dll
[0223/231414.041:ERROR:process_memory_win.cc(73)] ReadMemory at 0x7ff920280000 of 64 bytes failed: Only part of a ReadProcessMemory or WriteProcessMemory request was completed. (0x12B)
[0223/231414.041:WARNING:pe_image_reader.cc(340)] could not read dos header from C:\WINDOWS\System32\ADVAPI32.dll
[0223/231414.041:ERROR:process_memory_win.cc(73)] ReadMemory at 0x7ff9213f0000 of 64 bytes failed: Only part of a ReadProcessMemory or WriteProcessMemory request was completed. (0x12B)
[0223/231414.041:WARNING:pe_image_reader.cc(340)] could not read dos header from C:\WINDOWS\System32\sechost.dll
[0223/231414.041:ERROR:process_memory_win.cc(73)] ReadMemory at 0x7ff921fd0000 of 64 bytes failed: Only part of a ReadProcessMemory or WriteProcessMemory request was completed. (0x12B)
[0223/231414.041:WARNING:pe_image_reader.cc(340)] could not read dos header from C:\WINDOWS\System32\RPCRT4.dll
[0223/231414.041:ERROR:process_memory_win.cc(73)] ReadMemory at 0x7ff8bf450000 of 64 bytes failed: Only part of a ReadProcessMemory or WriteProcessMemory request was completed. (0x12B)
[0223/231414.041:WARNING:pe_image_reader.cc(340)] could not read dos header from C:\Program Files (x86)\Google\Chrome\Application\80.0.3987.116\chrome.dll
[0223/231414.041:ERROR:process_memory_win.cc(73)] ReadMemory at 0x7ff921e20000 of 64 bytes failed: Only part of a ReadProcessMemory or WriteProcessMemory request was completed. (0x12B)
[0223/231414.041:WARNING:pe_image_reader.cc(340)] could not read dos header from C:\WINDOWS\System32\WS2_32.dll
[0223/231414.041:ERROR:process_memory_win.cc(73)] ReadMemory at 0x7ff9212b0000 of 64 bytes failed: Only part of a ReadProcessMemory or WriteProcessMemory request was completed. (0x12B)
[0223/231414.041:WARNING:pe_image_reader.cc(340)] could not read dos header from C:\WINDOWS\System32\OLEAUT32.dll
[0223/231414.041:ERROR:process_memory_win.cc(73)] ReadMemory at 0x7ff91f0c0000 of 64 bytes failed: Only part of a ReadProcessMemory or WriteProcessMemory request was completed. (0x12B)
[0223/231414.041:WARNING:pe_image_reader.cc(340)] could not read dos header from C:\WINDOWS\System32\msvcp_win.dll
[0223/231414.041:ERROR:process_memory_win.cc(73)] ReadMemory at 0x7ff91fbc0000 of 64 bytes failed: Only part of a ReadProcessMemory or WriteProcessMemory request was completed. (0x12B)
[0223/231414.041:WARNING:pe_image_reader.cc(340)] could not read dos header from C:\WINDOWS\System32\ucrtbase.dll
[0223/231414.041:ERROR:process_memory_win.cc(73)] ReadMemory at 0x7ff920330000 of 64 bytes failed: Only part of a ReadProcessMemory or WriteProcessMemory request was completed. (0x12B)
[0223/231414.041:WARNING:pe_image_reader.cc(340)] could not read dos header from C:\WINDOWS\System32\combase.dll
[0223/231414.041:ERROR:process_memory_win.cc(73)] ReadMemory at 0x7ff91f160000 of 64 bytes failed: Only part of a ReadProcessMemory or WriteProcessMemory request was completed. (0x12B)
[0223/231414.041:WARNING:pe_image_reader.cc(340)] could not read dos header from C:\WINDOWS\System32\WINTRUST.dll
[0223/231414.041:ERROR:process_memory_win.cc(73)] ReadMemory at 0x7ff91f080000 of 64 bytes failed: Only part of a ReadProcessMemory or WriteProcessMemory request was completed. (0x12B)
[0223/231414.041:WARNING:pe_image_reader.cc(340)] could not read dos header from C:\WINDOWS\System32\MSASN1.dll
[0223/231414.041:ERROR:process_memory_win.cc(73)] ReadMemory at 0x7ff920090000 of 64 bytes failed: Only part of a ReadProcessMemory or WriteProcessMemory request was completed. (0x12B)
[0223/231414.041:WARNING:pe_image_reader.cc(340)] could not read dos header from C:\WINDOWS\System32\CRYPT32.dll
[0223/231414.041:ERROR:process_memory_win.cc(73)] ReadMemory at 0x7ff91e580000 of 64 bytes failed: Only part of a ReadProcessMemory or WriteProcessMemory request was completed. (0x12B)
[0223/231414.041:WARNING:pe_image_reader.cc(340)] could not read dos header from C:\WINDOWS\SYSTEM32\IPHLPAPI.DLL
[0223/231414.041:ERROR:process_memory_win.cc(73)] ReadMemory at 0x7ff91b8d0000 of 64 bytes failed: Only part of a ReadProcessMemory or WriteProcessMemory request was completed. (0x12B)
[0223/231414.041:WARNING:pe_image_reader.cc(340)] could not read dos header from C:\WINDOWS\SYSTEM32\WINMM.dll
[0223/231414.041:ERROR:process_memory_win.cc(73)] ReadMemory at 0x7ff910090000 of 64 bytes failed: Only part of a ReadProcessMemory or WriteProcessMemory request was completed. (0x12B)
[0223/231414.041:WARNING:pe_image_reader.cc(340)] could not read dos header from C:\WINDOWS\SYSTEM32\Secur32.dll
[0223/231414.041:ERROR:process_memory_win.cc(73)] ReadMemory at 0x7ff91ef20000 of 64 bytes failed: Only part of a ReadProcessMemory or WriteProcessMemory request was completed. (0x12B)
[0223/231414.041:WARNING:pe_image_reader.cc(340)] could not read dos header from C:\WINDOWS\SYSTEM32\USERENV.dll
[0223/231414.041:ERROR:process_memory_win.cc(73)] ReadMemory at 0x7ff91f0a0000 of 64 bytes failed: Only part of a ReadProcessMemory or WriteProcessMemory request was completed. (0x12B)
[0223/231414.041:WARNING:pe_image_reader.cc(340)] could not read dos header from C:\WINDOWS\System32\profapi.dll
[0223/231414.041:ERROR:process_memory_win.cc(73)] ReadMemory at 0x7ff8f2b30000 of 64 bytes failed: Only part of a ReadProcessMemory or WriteProcessMemory request was completed. (0x12B)
[0223/231414.041:WARNING:pe_image_reader.cc(340)] could not read dos header from C:\WINDOWS\SYSTEM32\UIAutomationCore.DLL
[0223/231414.041:ERROR:process_memory_win.cc(73)] ReadMemory at 0x7ff917d30000 of 64 bytes failed: Only part of a ReadProcessMemory or WriteProcessMemory request was completed. (0x12B)
[0223/231414.041:WARNING:pe_image_reader.cc(340)] could not read dos header from C:\WINDOWS\SYSTEM32\DWrite.dll
[0223/231414.041:ERROR:process_memory_win.cc(73)] ReadMemory at 0x7ff911500000 of 64 bytes failed: Only part of a ReadProcessMemory or WriteProcessMemory request was completed. (0x12B)
[0223/231414.041:WARNING:pe_image_reader.cc(340)] could not read dos header from C:\WINDOWS\SYSTEM32\WINSPOOL.DRV
[0223/231414.041:ERROR:process_memory_win.cc(73)] ReadMemory at 0x7ff91f010000 of 64 bytes failed: Only part of a ReadProcessMemory or WriteProcessMemory request was completed. (0x12B)
[0223/231414.041:WARNING:pe_image_reader.cc(340)] could not read dos header from C:\WINDOWS\System32\kernel.appcore.dll
[0223/231414.041:ERROR:process_memory_win.cc(73)] ReadMemory at 0x7ff91f1f0000 of 64 bytes failed: Only part of a ReadProcessMemory or WriteProcessMemory request was completed. (0x12B)
[0223/231414.041:WARNING:pe_image_reader.cc(340)] could not read dos header from C:\WINDOWS\System32\bcrypt.dll
[0223/231414.041:ERROR:process_memory_win.cc(73)] ReadMemory at 0x7ff91d8e0000 of 64 bytes failed: Only part of a ReadProcessMemory or WriteProcessMemory request was completed. (0x12B)
[0223/231414.041:WARNING:pe_image_reader.cc(340)] could not read dos header from C:\WINDOWS\SYSTEM32\dbghelp.dll
[0223/231414.041:ERROR:process_memory_win.cc(73)] ReadMemory at 0x7ff9124d0000 of 64 bytes failed: Only part of a ReadProcessMemory or WriteProcessMemory request was completed. (0x12B)
[0223/231414.041:WARNING:pe_image_reader.cc(340)] could not read dos header from C:\WINDOWS\SYSTEM32\WINHTTP.dll
[0223/231414.041:ERROR:process_memory_win.cc(73)] ReadMemory at 0x7ff913410000 of 64 bytes failed: Only part of a ReadProcessMemory or WriteProcessMemory request was completed. (0x12B)
[0223/231414.041:WARNING:pe_image_reader.cc(340)] could not read dos header from C:\WINDOWS\SYSTEM32\dhcpcsvc.DLL
[0223/231414.041:ERROR:process_memory_win.cc(73)] ReadMemory at 0x7ff9207f0000 of 64 bytes failed: Only part of a ReadProcessMemory or WriteProcessMemory request was completed. (0x12B)
[0223/231414.041:WARNING:pe_image_reader.cc(340)] could not read dos header from C:\WINDOWS\System32\NSI.dll
[0223/231414.041:ERROR:process_memory_win.cc(73)] ReadMemory at 0x7ff91b8a0000 of 64 bytes failed: Only part of a ReadProcessMemory or WriteProcessMemory request was completed. (0x12B)
[0223/231414.041:WARNING:pe_image_reader.cc(340)] could not read dos header from C:\WINDOWS\SYSTEM32\WINMMBASE.dll
[0223/231414.041:ERROR:process_memory_win.cc(73)] ReadMemory at 0x7ff91fd70000 of 64 bytes failed: Only part of a ReadProcessMemory or WriteProcessMemory request was completed. (0x12B)
[0223/231414.041:WARNING:pe_image_reader.cc(340)] could not read dos header from C:\WINDOWS\System32\cfgmgr32.dll
[0223/231414.041:ERROR:process_memory_win.cc(73)] ReadMemory at 0x7ff91b5d0000 of 64 bytes failed: Only part of a ReadProcessMemory or WriteProcessMemory request was completed. (0x12B)
[0223/231414.041:WARNING:pe_image_reader.cc(340)] could not read dos header from C:\WINDOWS\SYSTEM32\PROPSYS.dll
[0223/231414.041:ERROR:process_memory_win.cc(73)] ReadMemory at 0x7ff920740000 of 64 bytes failed: Only part of a ReadProcessMemory or WriteProcessMemory request was completed. (0x12B)
[0223/231414.041:WARNING:pe_image_reader.cc(340)] could not read dos header from C:\WINDOWS\System32\shcore.dll
[0223/231414.041:ERROR:process_memory_win.cc(73)] ReadMemory at 0x7ff91eef0000 of 64 bytes failed: Only part of a ReadProcessMemory or WriteProcessMemory request was completed. (0x12B)
[0223/231414.041:WARNING:pe_image_reader.cc(340)] could not read dos header from C:\WINDOWS\SYSTEM32\SSPICLI.DLL
[0223/231414.041:ERROR:process_memory_win.cc(73)] ReadMemory at 0x7ff9208a0000 of 64 bytes failed: Only part of a ReadProcessMemory or WriteProcessMemory request was completed. (0x12B)
[0223/231414.041:WARNING:pe_image_reader.cc(340)] could not read dos header from C:\WINDOWS\System32\SHELL32.dll
[0223/231414.041:ERROR:process_memory_win.cc(73)] ReadMemory at 0x7ff91f3c0000 of 64 bytes failed: Only part of a ReadProcessMemory or WriteProcessMemory request was completed. (0x12B)
[0223/231414.041:WARNING:pe_image_reader.cc(340)] could not read dos header from C:\WINDOWS\System32\windows.storage.dll
[0223/231414.041:ERROR:process_memory_win.cc(73)] ReadMemory at 0x7ff91f030000 of 64 bytes failed: Only part of a ReadProcessMemory or WriteProcessMemory request was completed. (0x12B)
[0223/231414.041:WARNING:pe_image_reader.cc(340)] could not read dos header from C:\WINDOWS\System32\powrprof.dll
[0223/231414.041:ERROR:process_memory_win.cc(73)] ReadMemory at 0x7ff91f000000 of 64 bytes failed: Only part of a ReadProcessMemory or WriteProcessMemory request was completed. (0x12B)
[0223/231414.041:WARNING:pe_image_reader.cc(340)] could not read dos header from C:\WINDOWS\System32\UMPDC.dll
[0223/231414.041:ERROR:process_memory_win.cc(73)] ReadMemory at 0x7ff921ab0000 of 64 bytes failed: Only part of a ReadProcessMemory or WriteProcessMemory request was completed. (0x12B)
[0223/231414.041:WARNING:pe_image_reader.cc(340)] could not read dos header from C:\WINDOWS\System32\shlwapi.dll
[0223/231414.041:ERROR:process_memory_win.cc(73)] ReadMemory at 0x7ff9215b0000 of 64 bytes failed: Only part of a ReadProcessMemory or WriteProcessMemory request was completed. (0x12B)
[0223/231414.041:WARNING:pe_image_reader.cc(340)] could not read dos header from C:\WINDOWS\System32\GDI32.dll
[0223/231414.041:ERROR:process_memory_win.cc(73)] ReadMemory at 0x7ff91f1c0000 of 64 bytes failed: Only part of a ReadProcessMemory or WriteProcessMemory request was completed. (0x12B)
[0223/231414.041:WARNING:pe_image_reader.cc(340)] could not read dos header from C:\WINDOWS\System32\win32u.dll
[0223/231414.041:ERROR:process_memory_win.cc(73)] ReadMemory at 0x7ff91f220000 of 64 bytes failed: Only part of a ReadProcessMemory or WriteProcessMemory request was completed. (0x12B)
[0223/231414.041:WARNING:pe_image_reader.cc(340)] could not read dos header from C:\WINDOWS\System32\gdi32full.dll
[0223/231414.041:ERROR:process_memory_win.cc(73)] ReadMemory at 0x7ff920f90000 of 64 bytes failed: Only part of a ReadProcessMemory or WriteProcessMemory request was completed. (0x12B)
[0223/231414.041:WARNING:pe_image_reader.cc(340)] could not read dos header from C:\WINDOWS\System32\USER32.dll
[0223/231414.041:ERROR:process_memory_win.cc(73)] ReadMemory at 0x7ff920070000 of 64 bytes failed: Only part of a ReadProcessMemory or WriteProcessMemory request was completed. (0x12B)
[0223/231414.041:WARNING:pe_image_reader.cc(340)] could not read dos header from C:\WINDOWS\System32\cryptsp.dll
[0223/231414.041:ERROR:process_memory_win.cc(73)] ReadMemory at 0x7ff920800000 of 64 bytes failed: Only part of a ReadProcessMemory or WriteProcessMemory request was completed. (0x12B)
[0223/231414.041:WARNING:pe_image_reader.cc(340)] could not read dos header from C:\WINDOWS\System32\IMM32.DLL
[0223/231414.041:ERROR:process_memory_win.cc(73)] ReadMemory at 0x7ff91ea40000 of 64 bytes failed: Only part of a ReadProcessMemory or WriteProcessMemory request was completed. (0x12B)
[0223/231414.041:WARNING:pe_image_reader.cc(340)] could not read dos header from C:\WINDOWS\SYSTEM32\CRYPTBASE.DLL
[0223/231414.063:ERROR:process_memory_win.cc(73)] ReadMemory at 0x2c20df8000 of 32768 bytes failed: Only part of a ReadProcessMemory or WriteProcessMemory request was completed. (0x12B)
[0223/231414.063:ERROR:process_memory_win.cc(73)] ReadMemory at 0x2c215fd000 of 12288 bytes failed: Only part of a ReadProcessMemory or WriteProcessMemory request was completed. (0x12B)
[0223/231414.063:ERROR:process_memory_win.cc(73)] ReadMemory at 0x2c21df9000 of 28672 bytes failed: Only part of a ReadProcessMemory or WriteProcessMemory request was completed. (0x12B)
[0223/231414.063:ERROR:process_memory_win.cc(73)] ReadMemory at 0x2c225fc000 of 16384 bytes failed: Only part of a ReadProcessMemory or WriteProcessMemory request was completed. (0x12B)
[0223/231414.063:ERROR:process_memory_win.cc(73)] ReadMemory at 0x2c22dfc000 of 16384 bytes failed: Only part of a ReadProcessMemory or WriteProcessMemory request was completed. (0x12B)
[0223/231414.063:ERROR:process_memory_win.cc(73)] ReadMemory at 0x2c235fe000 of 8192 bytes failed: Only part of a ReadProcessMemory or WriteProcessMemory request was completed. (0x12B)
[0223/231414.063:ERROR:process_memory_win.cc(73)] ReadMemory at 0x2c23dfd000 of 12288 bytes failed: Only part of a ReadProcessMemory or WriteProcessMemory request was completed. (0x12B)
[0223/231414.063:ERROR:process_memory_win.cc(73)] ReadMemory at 0x2c245fb000 of 20480 bytes failed: Only part of a ReadProcessMemory or WriteProcessMemory request was completed. (0x12B)
[0223/231414.063:ERROR:process_memory_win.cc(73)] ReadMemory at 0x2c24dfd000 of 12288 bytes failed: Only part of a ReadProcessMemory or WriteProcessMemory request was completed. (0x12B)
[0223/231414.063:ERROR:process_memory_win.cc(73)] ReadMemory at 0x2c255fd000 of 12288 bytes failed: Only part of a ReadProcessMemory or WriteProcessMemory request was completed. (0x12B)
[0223/231414.063:ERROR:process_memory_win.cc(73)] ReadMemory at 0x2c25dfd000 of 12288 bytes failed: Only part of a ReadProcessMemory or WriteProcessMemory request was completed. (0x12B)
[0223/231414.063:ERROR:process_memory_win.cc(73)] ReadMemory at 0x2c265fd000 of 12288 bytes failed: Only part of a ReadProcessMemory or WriteProcessMemory request was completed. (0x12B)
[0223/231414.063:ERROR:process_memory_win.cc(73)] ReadMemory at 0x2c26dfd000 of 12288 bytes failed: Only part of a ReadProcessMemory or WriteProcessMemory request was completed. (0x12B)
[0223/231414.063:ERROR:process_memory_win.cc(73)] ReadMemory at 0x2c275fd000 of 12288 bytes failed: Only part of a ReadProcessMemory or WriteProcessMemory request was completed. (0x12B)
[0223/231414.063:ERROR:process_memory_win.cc(73)] ReadMemory at 0x2c20443000 of 852 bytes failed: Only part of a ReadProcessMemory or WriteProcessMemory request was completed. (0x12B)
[0223/231414.063:ERROR:process_memory_win.cc(73)] ReadMemory at 0x2c20444000 of 6024 bytes failed: Only part of a ReadProcessMemory or WriteProcessMemory request was completed. (0x12B)
[0223/231414.063:ERROR:process_memory_win.cc(73)] ReadMemory at 0x2c20446000 of 6024 bytes failed: Only part of a ReadProcessMemory or WriteProcessMemory request was completed. (0x12B)
[0223/231414.063:ERROR:process_memory_win.cc(73)] ReadMemory at 0x2c20448000 of 6024 bytes failed: Only part of a ReadProcessMemory or WriteProcessMemory request was completed. (0x12B)
[0223/231414.063:ERROR:process_memory_win.cc(73)] ReadMemory at 0x2c2044a000 of 6024 bytes failed: Only part of a ReadProcessMemory or WriteProcessMemory request was completed. (0x12B)
[0223/231414.063:ERROR:process_memory_win.cc(73)] ReadMemory at 0x2c2044c000 of 6024 bytes failed: Only part of a ReadProcessMemory or WriteProcessMemory request was completed. (0x12B)
[0223/231414.063:ERROR:process_memory_win.cc(73)] ReadMemory at 0x2c2044e000 of 6024 bytes failed: Only part of a ReadProcessMemory or WriteProcessMemory request was completed. (0x12B)
[0223/231414.063:ERROR:process_memory_win.cc(73)] ReadMemory at 0x2c20450000 of 6024 bytes failed: Only part of a ReadProcessMemory or WriteProcessMemory request was completed. (0x12B)
[0223/231414.063:ERROR:process_memory_win.cc(73)] ReadMemory at 0x2c20452000 of 6024 bytes failed: Only part of a ReadProcessMemory or WriteProcessMemory request was completed. (0x12B)
[0223/231414.063:ERROR:process_memory_win.cc(73)] ReadMemory at 0x2c20454000 of 6024 bytes failed: Only part of a ReadProcessMemory or WriteProcessMemory request was completed. (0x12B)
[0223/231414.063:ERROR:process_memory_win.cc(73)] ReadMemory at 0x2c20456000 of 6024 bytes failed: Only part of a ReadProcessMemory or WriteProcessMemory request was completed. (0x12B)
[0223/231414.063:ERROR:process_memory_win.cc(73)] ReadMemory at 0x2c20458000 of 6024 bytes failed: Only part of a ReadProcessMemory or WriteProcessMemory request was completed. (0x12B)
[0223/231414.063:ERROR:process_memory_win.cc(73)] ReadMemory at 0x2c2045a000 of 6024 bytes failed: Only part of a ReadProcessMemory or WriteProcessMemory request was completed. (0x12B)
[0223/231414.063:ERROR:process_memory_win.cc(73)] ReadMemory at 0x2c2045c000 of 6024 bytes failed: Only part of a ReadProcessMemory or WriteProcessMemory request was completed. (0x12B)
[0223/231414.063:ERROR:process_memory_win.cc(73)] ReadMemory at 0x2c2045e000 of 6024 bytes failed: Only part of a ReadProcessMemory or WriteProcessMemory request was completed. (0x12B)
[0223/231414.063:ERROR:process_memory_win.cc(73)] ReadMemory at 0x1b44d790750 of 80 bytes failed: Only part of a ReadProcessMemory or WriteProcessMemory request was completed. (0x12B)
[0223/231414.063:ERROR:process_memory_win.cc(73)] ReadMemory at 0x1b44d790fe0 of 5394 bytes failed: Only part of a ReadProcessMemory or WriteProcessMemory request was completed. (0x12B)
[0223/231414.063:ERROR:process_memory_win.cc(73)] ReadMemory at 0x1b44d792500 of 1012 bytes failed: Only part of a ReadProcessMemory or WriteProcessMemory request was completed. (0x12B)
[0223/231414.063:ERROR:process_memory_win.cc(73)] ReadMemory at 0x1b44d792b48 of 118 bytes failed: Only part of a ReadProcessMemory or WriteProcessMemory request was completed. (0x12B)
[0223/231414.063:ERROR:process_memory_win.cc(73)] ReadMemory at 0x1b44d792bc0 of 1302 bytes failed: Only part of a ReadProcessMemory or WriteProcessMemory request was completed. (0x12B)
[0223/231414.063:ERROR:process_memory_win.cc(73)] ReadMemory at 0x1b44d7930d8 of 118 bytes failed: Only part of a ReadProcessMemory or WriteProcessMemory request was completed. (0x12B)
[0223/231414.063:ERROR:process_memory_win.cc(73)] ReadMemory at 0x1b44d793150 of 100 bytes failed: Only part of a ReadProcessMemory or WriteProcessMemory request was completed. (0x12B)
[0223/231414.063:ERROR:process_memory_win.cc(73)] ReadMemory at 0x1b44d7931c0 of 58 bytes failed: Only part of a ReadProcessMemory or WriteProcessMemory request was completed. (0x12B)
[0223/231414.063:ERROR:process_memory_win.cc(73)] ReadMemory at 0x1b44d7932c0 of 132 bytes failed: Only part of a ReadProcessMemory or WriteProcessMemory request was completed. (0x12B)
[0223/231414.063:ERROR:process_memory_win.cc(73)] ReadMemory at 0x1b44d793450 of 132 bytes failed: Only part of a ReadProcessMemory or WriteProcessMemory request was completed. (0x12B)
[0223/231414.071:ERROR:process_memory_win.cc(73)] ReadMemory at 0x1b44d793610 of 126 bytes failed: Only part of a ReadProcessMemory or WriteProcessMemory request was completed. (0x12B)
[0223/231414.071:ERROR:process_memory_win.cc(73)] ReadMemory at 0x1b44d7939f0 of 132 bytes failed: Only part of a ReadProcessMemory or WriteProcessMemory request was completed. (0x12B)
[0223/231414.071:ERROR:process_memory_win.cc(73)] ReadMemory at 0x1b44d793b80 of 64 bytes failed: Only part of a ReadProcessMemory or WriteProcessMemory request was completed. (0x12B)
[0223/231414.071:ERROR:process_memory_win.cc(73)] ReadMemory at 0x1b44d793d40 of 132 bytes failed: Only part of a ReadProcessMemory or WriteProcessMemory request was completed. (0x12B)
[0223/231414.072:ERROR:process_memory_win.cc(73)] ReadMemory at 0x1b44d793fe0 of 132 bytes failed: Only part of a ReadProcessMemory or WriteProcessMemory request was completed. (0x12B)
[0223/231414.072:ERROR:process_memory_win.cc(73)] ReadMemory at 0x1b44d794170 of 68 bytes failed: Only part of a ReadProcessMemory or WriteProcessMemory request was completed. (0x12B)
[0223/231414.072:ERROR:process_memory_win.cc(73)] ReadMemory at 0x1b44d795350 of 132 bytes failed: Only part of a ReadProcessMemory or WriteProcessMemory request was completed. (0x12B)
[0223/231414.072:ERROR:process_memory_win.cc(73)] ReadMemory at 0x1b44d7954e0 of 154 bytes failed: Only part of a ReadProcessMemory or WriteProcessMemory request was completed. (0x12B)
[0223/231414.072:ERROR:process_memory_win.cc(73)] ReadMemory at 0x1b44d7962d0 of 62 bytes failed: Only part of a ReadProcessMemory or WriteProcessMemory request was completed. (0x12B)
[0223/231414.072:ERROR:process_memory_win.cc(73)] ReadMemory at 0x1b44d796320 of 132 bytes failed: Only part of a ReadProcessMemory or WriteProcessMemory request was completed. (0x12B)
[0223/231414.073:ERROR:process_memory_win.cc(73)] ReadMemory at 0x1b44d7964c0 of 132 bytes failed: Only part of a ReadProcessMemory or WriteProcessMemory request was completed. (0x12B)
[0223/231414.073:ERROR:process_memory_win.cc(73)] ReadMemory at 0x1b44d7965f0 of 60 bytes failed: Only part of a ReadProcessMemory or WriteProcessMemory request was completed. (0x12B)
[0223/231414.073:ERROR:process_memory_win.cc(73)] ReadMemory at 0x1b44d796750 of 132 bytes failed: Only part of a ReadProcessMemory or WriteProcessMemory request was completed. (0x12B)
[0223/231414.073:ERROR:process_memory_win.cc(73)] ReadMemory at 0x1b44d796880 of 132 bytes failed: Only part of a ReadProcessMemory or WriteProcessMemory request was completed. (0x12B)
[0223/231414.073:ERROR:process_memory_win.cc(73)] ReadMemory at 0x1b44d7981c0 of 146 bytes failed: Only part of a ReadProcessMemory or WriteProcessMemory request was completed. (0x12B)
[0223/231414.073:ERROR:process_memory_win.cc(73)] ReadMemory at 0x1b44d798280 of 132 bytes failed: Only part of a ReadProcessMemory or WriteProcessMemory request was completed. (0x12B)
[0223/231414.074:ERROR:process_memory_win.cc(73)] ReadMemory at 0x1b44d79b180 of 60 bytes failed: Only part of a ReadProcessMemory or WriteProcessMemory request was completed. (0x12B)
[0223/231414.074:ERROR:process_memory_win.cc(73)] ReadMemory at 0x1b44d79b270 of 66 bytes failed: Only part of a ReadProcessMemory or WriteProcessMemory request was completed. (0x12B)
[0223/231414.074:ERROR:process_memory_win.cc(73)] ReadMemory at 0x1b44d79b310 of 64 bytes failed: Only part of a ReadProcessMemory or WriteProcessMemory request was completed. (0x12B)
[0223/231414.074:ERROR:process_memory_win.cc(73)] ReadMemory at 0x1b44d79b360 of 62 bytes failed: Only part of a ReadProcessMemory or WriteProcessMemory request was completed. (0x12B)
[0223/231414.074:ERROR:process_memory_win.cc(73)] ReadMemory at 0x1b44d79b3b0 of 64 bytes failed: Only part of a ReadProcessMemory or WriteProcessMemory request was completed. (0x12B)
[0223/231414.074:ERROR:process_memory_win.cc(73)] ReadMemory at 0x1b44d79b450 of 64 bytes failed: Only part of a ReadProcessMemory or WriteProcessMemory request was completed. (0x12B)
[0223/231414.074:ERROR:process_memory_win.cc(73)] ReadMemory at 0x1b44d79b540 of 64 bytes failed: Only part of a ReadProcessMemory or WriteProcessMemory request was completed. (0x12B)
[0223/231414.074:ERROR:process_memory_win.cc(73)] ReadMemory at 0x1b44d79b810 of 60 bytes failed: Only part of a ReadProcessMemory or WriteProcessMemory request was completed. (0x12B)
[0223/231414.074:ERROR:process_memory_win.cc(73)] ReadMemory at 0x1b44d79b860 of 62 bytes failed: Only part of a ReadProcessMemory or WriteProcessMemory request was completed. (0x12B)
[0223/231414.074:ERROR:process_memory_win.cc(73)] ReadMemory at 0x1b44d79b990 of 132 bytes failed: Only part of a ReadProcessMemory or WriteProcessMemory request was completed. (0x12B)
[0223/231414.074:ERROR:process_memory_win.cc(73)] ReadMemory at 0x1b44d79bac0 of 132 bytes failed: Only part of a ReadProcessMemory or WriteProcessMemory request was completed. (0x12B)
[0223/231414.074:ERROR:process_memory_win.cc(73)] ReadMemory at 0x1b44d79bbf0 of 132 bytes failed: Only part of a ReadProcessMemory or WriteProcessMemory request was completed. (0x12B)
[0223/231414.074:ERROR:process_memory_win.cc(73)] ReadMemory at 0x1b44d79bd20 of 132 bytes failed: Only part of a ReadProcessMemory or WriteProcessMemory request was completed. (0x12B)
[0223/231414.074:ERROR:process_memory_win.cc(73)] ReadMemory at 0x1b44d79bf80 of 132 bytes failed: Only part of a ReadProcessMemory or WriteProcessMemory request was completed. (0x12B)
[0223/231414.074:ERROR:process_memory_win.cc(73)] ReadMemory at 0x1b44d79c0b0 of 132 bytes failed: Only part of a ReadProcessMemory or WriteProcessMemory request was completed. (0x12B)
[0223/231414.074:ERROR:process_memory_win.cc(73)] ReadMemory at 0x1b44d79c1e0 of 132 bytes failed: Only part of a ReadProcessMemory or WriteProcessMemory request was completed. (0x12B)
[0223/231414.074:ERROR:process_memory_win.cc(73)] ReadMemory at 0x1b44d79c310 of 132 bytes failed: Only part of a ReadProcessMemory or WriteProcessMemory request was completed. (0x12B)
[0223/231414.074:ERROR:process_memory_win.cc(73)] ReadMemory at 0x1b44d79c440 of 132 bytes failed: Only part of a ReadProcessMemory or WriteProcessMemory request was completed. (0x12B)
[0223/231414.074:ERROR:process_memory_win.cc(73)] ReadMemory at 0x1b44d79c570 of 132 bytes failed: Only part of a ReadProcessMemory or WriteProcessMemory request was completed. (0x12B)
[0223/231414.074:ERROR:process_memory_win.cc(73)] ReadMemory at 0x1b44d79c6a0 of 132 bytes failed: Only part of a ReadProcessMemory or WriteProcessMemory request was completed. (0x12B)
[0223/231414.074:ERROR:process_memory_win.cc(73)] ReadMemory at 0x1b44d79c7d0 of 132 bytes failed: Only part of a ReadProcessMemory or WriteProcessMemory request was completed. (0x12B)
[0223/231414.074:ERROR:process_memory_win.cc(73)] ReadMemory at 0x1b44d79de10 of 54 bytes failed: Only part of a ReadProcessMemory or WriteProcessMemory request was completed. (0x12B)
[0223/231414.074:ERROR:process_memory_win.cc(73)] ReadMemory at 0x1b44d79ee60 of 132 bytes failed: Only part of a ReadProcessMemory or WriteProcessMemory request was completed. (0x12B)
[0223/231414.074:ERROR:process_memory_win.cc(73)] ReadMemory at 0x1b44d79fa40 of 132 bytes failed: Only part of a ReadProcessMemory or WriteProcessMemory request was completed. (0x12B)
[0223/231414.074:ERROR:process_memory_win.cc(73)] ReadMemory at 0x1b44d79fb70 of 132 bytes failed: Only part of a ReadProcessMemory or WriteProcessMemory request was completed. (0x12B)
[0223/231414.074:ERROR:process_memory_win.cc(73)] ReadMemory at 0x1b44d79fd90 of 132 bytes failed: Only part of a ReadProcessMemory or WriteProcessMemory request was completed. (0x12B)
[0223/231414.074:ERROR:process_memory_win.cc(73)] ReadMemory at 0x1b44d7a00f0 of 132 bytes failed: Only part of a ReadProcessMemory or WriteProcessMemory request was completed. (0x12B)
[0223/231414.074:ERROR:process_memory_win.cc(73)] ReadMemory at 0x1b44d7a3c80 of 132 bytes failed: Only part of a ReadProcessMemory or WriteProcessMemory request was completed. (0x12B)
[0223/231414.074:ERROR:process_memory_win.cc(73)] ReadMemory at 0x1b44d7a4d20 of 78 bytes failed: Only part of a ReadProcessMemory or WriteProcessMemory request was completed. (0x12B)
[0223/231414.074:ERROR:process_memory_win.cc(73)] ReadMemory at 0x1b44d7a4e40 of 80 bytes failed: Only part of a ReadProcessMemory or WriteProcessMemory request was completed. (0x12B)
[0223/231414.074:ERROR:process_memory_win.cc(73)] ReadMemory at 0x1b44d7a56e0 of 76 bytes failed: Only part of a ReadProcessMemory or WriteProcessMemory request was completed. (0x12B)
[0223/231414.074:ERROR:process_memory_win.cc(73)] ReadMemory at 0x1b44d7a5cb0 of 62 bytes failed: Only part of a ReadProcessMemory or WriteProcessMemory request was completed. (0x12B)
[0223/231414.074:ERROR:process_memory_win.cc(73)] ReadMemory at 0x1b44d7a5da0 of 60 bytes failed: Only part of a ReadProcessMemory or WriteProcessMemory request was completed. (0x12B)
[0223/231414.074:ERROR:process_memory_win.cc(73)] ReadMemory at 0x1b44d7a5df0 of 60 bytes failed: Only part of a ReadProcessMemory or WriteProcessMemory request was completed. (0x12B)
[0223/231414.074:ERROR:process_memory_win.cc(73)] ReadMemory at 0x1b44d7a5e40 of 60 bytes failed: Only part of a ReadProcessMemory or WriteProcessMemory request was completed. (0x12B)
[0223/231414.074:ERROR:process_memory_win.cc(73)] ReadMemory at 0x1b44d7a5e90 of 64 bytes failed: Only part of a ReadProcessMemory or WriteProcessMemory request was completed. (0x12B)
[0223/231414.074:ERROR:process_memory_win.cc(73)] ReadMemory at 0x1b44d7a5ee0 of 62 bytes failed: Only part of a ReadProcessMemory or WriteProcessMemory request was completed. (0x12B)
[0223/231414.074:ERROR:process_memory_win.cc(73)] ReadMemory at 0x1b44d7a6070 of 62 bytes failed: Only part of a ReadProcessMemory or WriteProcessMemory request was completed. (0x12B)
[0223/231414.074:ERROR:process_memory_win.cc(73)] ReadMemory at 0x1b44d7a6160 of 62 bytes failed: Only part of a ReadProcessMemory or WriteProcessMemory request was completed. (0x12B)
[0223/231414.074:ERROR:process_memory_win.cc(73)] ReadMemory at 0x1b44d7a61b0 of 64 bytes failed: Only part of a ReadProcessMemory or WriteProcessMemory request was completed. (0x12B)
[0223/231414.074:ERROR:process_memory_win.cc(73)] ReadMemory at 0x1b44d7a6200 of 62 bytes failed: Only part of a ReadProcessMemory or WriteProcessMemory request was completed. (0x12B)
[0223/231414.074:ERROR:process_memory_win.cc(73)] ReadMemory at 0x1b44d7a62a0 of 60 bytes failed: Only part of a ReadProcessMemory or WriteProcessMemory request was completed. (0x12B)
[0223/231414.074:ERROR:process_memory_win.cc(73)] ReadMemory at 0x1b44d7a62f0 of 66 bytes failed: Only part of a ReadProcessMemory or WriteProcessMemory request was completed. (0x12B)
[0223/231414.074:ERROR:process_memory_win.cc(73)] ReadMemory at 0x1b44d7a64d0 of 62 bytes failed: Only part of a ReadProcessMemory or WriteProcessMemory request was completed. (0x12B)
[0223/231414.074:ERROR:process_memory_win.cc(73)] ReadMemory at 0x1b44d7a6570 of 64 bytes failed: Only part of a ReadProcessMemory or WriteProcessMemory request was completed. (0x12B)
[0223/231414.074:ERROR:process_memory_win.cc(73)] ReadMemory at 0x1b44d7a6610 of 62 bytes failed: Only part of a ReadProcessMemory or WriteProcessMemory request was completed. (0x12B)
[0223/231414.074:ERROR:process_memory_win.cc(73)] ReadMemory at 0x1b44d7a66b0 of 62 bytes failed: Only part of a ReadProcessMemory or WriteProcessMemory request was completed. (0x12B)
[0223/231414.074:ERROR:process_memory_win.cc(73)] ReadMemory at 0x1b44d7a6890 of 64 bytes failed: Only part of a ReadProcessMemory or WriteProcessMemory request was completed. (0x12B)
[0223/231414.074:ERROR:process_memory_win.cc(73)] ReadMemory at 0x1b44d7a68e0 of 62 bytes failed: Only part of a ReadProcessMemory or WriteProcessMemory request was completed. (0x12B)
[0223/231414.074:ERROR:process_memory_win.cc(73)] ReadMemory at 0x1b44d7a6b10 of 58 bytes failed: Only part of a ReadProcessMemory or WriteProcessMemory request was completed. (0x12B)
[0223/231414.074:ERROR:process_memory_win.cc(73)] ReadMemory at 0x1b44d7a7080 of 132 bytes failed: Only part of a ReadProcessMemory or WriteProcessMemory request was completed. (0x12B)
[0223/231414.074:ERROR:process_memory_win.cc(73)] ReadMemory at 0x1b44d7a71b0 of 132 bytes failed: Only part of a ReadProcessMemory or WriteProcessMemory request was completed. (0x12B)
[0223/231414.074:ERROR:process_memory_win.cc(73)] ReadMemory at 0x1b44d7a72e0 of 132 bytes failed: Only part of a ReadProcessMemory or WriteProcessMemory request was completed. (0x12B)
[0223/231414.074:ERROR:process_memory_win.cc(73)] ReadMemory at 0x1b44d7a7410 of 132 bytes failed: Only part of a ReadProcessMemory or WriteProcessMemory request was completed. (0x12B)
[0223/231414.074:ERROR:process_memory_win.cc(73)] ReadMemory at 0x1b44d7a7540 of 132 bytes failed: Only part of a ReadProcessMemory or WriteProcessMemory request was completed. (0x12B)
[0223/231414.074:ERROR:process_memory_win.cc(73)] ReadMemory at 0x1b44d7a7670 of 132 bytes failed: Only part of a ReadProcessMemory or WriteProcessMemory request was completed. (0x12B)
[0223/231414.074:ERROR:process_memory_win.cc(73)] ReadMemory at 0x1b44d7a77a0 of 132 bytes failed: Only part of a ReadProcessMemory or WriteProcessMemory request was completed. (0x12B)
[0223/231414.074:ERROR:process_memory_win.cc(73)] ReadMemory at 0x1b44d7a78d0 of 132 bytes failed: Only part of a ReadProcessMemory or WriteProcessMemory request was completed. (0x12B)
[0223/231414.074:ERROR:process_memory_win.cc(73)] ReadMemory at 0x1b44d7a7a00 of 132 bytes failed: Only part of a ReadProcessMemory or WriteProcessMemory request was completed. (0x12B)
[0223/231414.074:ERROR:process_memory_win.cc(73)] ReadMemory at 0x1b44d7a7b30 of 132 bytes failed: Only part of a ReadProcessMemory or WriteProcessMemory request was completed. (0x12B)
[0223/231414.074:ERROR:process_memory_win.cc(73)] ReadMemory at 0x1b44d7a7c60 of 132 bytes failed: Only part of a ReadProcessMemory or WriteProcessMemory request was completed. (0x12B)
[0223/231414.074:ERROR:process_memory_win.cc(73)] ReadMemory at 0x1b44d7a7d90 of 132 bytes failed: Only part of a ReadProcessMemory or WriteProcessMemory request was completed. (0x12B)
[0223/231414.074:ERROR:process_memory_win.cc(73)] ReadMemory at 0x1b44d7a7ec0 of 132 bytes failed: Only part of a ReadProcessMemory or WriteProcessMemory request was completed. (0x12B)
[0223/231414.074:ERROR:process_memory_win.cc(73)] ReadMemory at 0x1b44d7a8120 of 132 bytes failed: Only part of a ReadProcessMemory or WriteProcessMemory request was completed. (0x12B)
[0223/231414.074:ERROR:process_memory_win.cc(73)] ReadMemory at 0x1b44d7a8250 of 132 bytes failed: Only part of a ReadProcessMemory or WriteProcessMemory request was completed. (0x12B)
[0223/231414.074:ERROR:process_memory_win.cc(73)] ReadMemory at 0x1b44d7a85e0 of 132 bytes failed: Only part of a ReadProcessMemory or WriteProcessMemory request was completed. (0x12B)
[0223/231414.074:ERROR:process_memory_win.cc(73)] ReadMemory at 0x1b44d7a8710 of 132 bytes failed: Only part of a ReadProcessMemory or WriteProcessMemory request was completed. (0x12B)
[0223/231414.074:ERROR:process_memory_win.cc(73)] ReadMemory at 0x1b44d7a8970 of 132 bytes failed: Only part of a ReadProcessMemory or WriteProcessMemory request was completed. (0x12B)
[0223/231414.074:ERROR:process_memory_win.cc(73)] ReadMemory at 0x1b44d7a8aa0 of 132 bytes failed: Only part of a ReadProcessMemory or WriteProcessMemory request was completed. (0x12B)
[0223/231414.074:ERROR:process_memory_win.cc(73)] ReadMemory at 0x1b44d7a8bd0 of 132 bytes failed: Only part of a ReadProcessMemory or WriteProcessMemory request was completed. (0x12B)
[0223/231414.074:ERROR:process_memory_win.cc(73)] ReadMemory at 0x1b44d7a8d00 of 132 bytes failed: Only part of a ReadProcessMemory or WriteProcessMemory request was completed. (0x12B)
[0223/231414.074:ERROR:process_memory_win.cc(73)] ReadMemory at 0x1b44d7bb730 of 66 bytes failed: Only part of a ReadProcessMemory or WriteProcessMemory request was completed. (0x12B)
[0223/231414.074:ERROR:process_memory_win.cc(73)] ReadMemory at 0x1b44d7bb8c0 of 58 bytes failed: Only part of a ReadProcessMemory or WriteProcessMemory request was completed. (0x12B)
[0223/231414.074:ERROR:process_memory_win.cc(73)] ReadMemory at 0x1b44d7bbb90 of 58 bytes failed: Only part of a ReadProcessMemory or WriteProcessMemory request was completed. (0x12B)
[0223/231414.074:ERROR:process_memory_win.cc(73)] ReadMemory at 0x1b44d7bbc80 of 62 bytes failed: Only part of a ReadProcessMemory or WriteProcessMemory request was completed. (0x12B)
[0223/231414.074:ERROR:process_memory_win.cc(73)] ReadMemory at 0x1b44d7bbff0 of 58 bytes failed: Only part of a ReadProcessMemory or WriteProcessMemory request was completed. (0x12B)
[0223/231414.074:ERROR:process_memory_win.cc(73)] ReadMemory at 0x1b44d7bc130 of 64 bytes failed: Only part of a ReadProcessMemory or WriteProcessMemory request was completed. (0x12B)
[0223/231414.074:ERROR:process_memory_win.cc(73)] ReadMemory at 0x1b44d7bc180 of 62 bytes failed: Only part of a ReadProcessMemory or WriteProcessMemory request was completed. (0x12B)
[0223/231414.074:ERROR:process_memory_win.cc(73)] ReadMemory at 0x1b44d7bc220 of 60 bytes failed: Only part of a ReadProcessMemory or WriteProcessMemory request was completed. (0x12B)
[0223/231414.074:ERROR:process_memory_win.cc(73)] ReadMemory at 0x1b44d7bc270 of 60 bytes failed: Only part of a ReadProcessMemory or WriteProcessMemory request was completed. (0x12B)
[0223/231414.074:ERROR:process_memory_win.cc(73)] ReadMemory at 0x1b44d7c40e0 of 512 bytes failed: Only part of a ReadProcessMemory or WriteProcessMemory request was completed. (0x12B)
[0223/231414.074:ERROR:process_memory_win.cc(73)] ReadMemory at 0x1b44d7c7f90 of 512 bytes failed: Only part of a ReadProcessMemory or WriteProcessMemory request was completed. (0x12B)
[0223/231414.074:ERROR:process_memory_win.cc(73)] ReadMemory at 0x1b44d890d00 of 512 bytes failed: Only part of a ReadProcessMemory or WriteProcessMemory request was completed. (0x12B)
[0223/231414.074:ERROR:process_memory_win.cc(73)] ReadMemory at 0x1b44d891000 of 512 bytes failed: Only part of a ReadProcessMemory or WriteProcessMemory request was completed. (0x12B)
[0223/231414.074:ERROR:process_memory_win.cc(73)] ReadMemory at 0x1b44da140c0 of 512 bytes failed: Only part of a ReadProcessMemory or WriteProcessMemory request was completed. (0x12B)
[0223/231414.074:ERROR:process_memory_win.cc(73)] ReadMemory at 0x1b44da14d20 of 512 bytes failed: Only part of a ReadProcessMemory or WriteProcessMemory request was completed. (0x12B)
[0223/231414.074:ERROR:process_memory_win.cc(73)] ReadMemory at 0x1b44da21730 of 512 bytes failed: Only part of a ReadProcessMemory or WriteProcessMemory request was completed. (0x12B)
[0223/231414.074:ERROR:process_memory_win.cc(73)] ReadMemory at 0x1b44da2b080 of 512 bytes failed: Only part of a ReadProcessMemory or WriteProcessMemory request was completed. (0x12B)
[0223/231414.074:ERROR:process_memory_win.cc(73)] ReadMemory at 0x1b44da30710 of 712 bytes failed: Only part of a ReadProcessMemory or WriteProcessMemory request was completed. (0x12B)
[0223/231414.074:ERROR:process_memory_win.cc(73)] ReadMemory at 0x1b44da36fa0 of 512 bytes failed: Only part of a ReadProcessMemory or WriteProcessMemory request was completed. (0x12B)
[0223/231414.074:ERROR:process_memory_win.cc(73)] ReadMemory at 0x1b44da3aed0 of 512 bytes failed: Only part of a ReadProcessMemory or WriteProcessMemory request was completed. (0x12B)
[0223/231414.074:ERROR:process_memory_win.cc(73)] ReadMemory at 0x1b44da4e528 of 512 bytes failed: Only part of a ReadProcessMemory or WriteProcessMemory request was completed. (0x12B)
[0223/231414.074:ERROR:process_memory_win.cc(73)] ReadMemory at 0x1b44da4ec78 of 656 bytes failed: Only part of a ReadProcessMemory or WriteProcessMemory request was completed. (0x12B)
[0223/231414.074:ERROR:process_memory_win.cc(73)] ReadMemory at 0x1b44daecd20 of 512 bytes failed: Only part of a ReadProcessMemory or WriteProcessMemory request was completed. (0x12B)
[0223/231414.086:ERROR:process_memory_win.cc(73)] ReadMemory at 0x1b44fb50000 of 384 bytes failed: Only part of a ReadProcessMemory or WriteProcessMemory request was completed. (0x12B)
[0223/231414.086:ERROR:process_memory_win.cc(73)] ReadMemory at 0x1b44fc94e08 of 512 bytes failed: Only part of a ReadProcessMemory or WriteProcessMemory request was completed. (0x12B)
[0223/231414.086:ERROR:process_memory_win.cc(73)] ReadMemory at 0x15eba1124878 of 512 bytes failed: Only part of a ReadProcessMemory or WriteProcessMemory request was completed. (0x12B)
[0223/231414.086:ERROR:process_memory_win.cc(73)] ReadMemory at 0x7ff8c1a000ec of 512 bytes failed: Only part of a ReadProcessMemory or WriteProcessMemory request was completed. (0x12B)
[0223/231414.086:ERROR:process_memory_win.cc(73)] ReadMemory at 0x7ff8c2793a7b of 512 bytes failed: Only part of a ReadProcessMemory or WriteProcessMemory request was completed. (0x12B)
[0223/231414.086:ERROR:process_memory_win.cc(73)] ReadMemory at 0x7ff8c6866d48 of 512 bytes failed: Only part of a ReadProcessMemory or WriteProcessMemory request was completed. (0x12B)
[0223/231414.087:ERROR:process_memory_win.cc(73)] ReadMemory at 0x7ff92002b6d0 of 512 bytes failed: Only part of a ReadProcessMemory or WriteProcessMemory request was completed. (0x12B)
[0223/231414.087:ERROR:process_memory_win.cc(73)] ReadMemory at 0x7ff9221fc0c4 of 672 bytes failed: Only part of a ReadProcessMemory or WriteProcessMemory request was completed. (0x12B)
[0223/231414.087:ERROR:process_memory_win.cc(73)] ReadMemory at 0x7ff9221fc6c4 of 512 bytes failed: Only part of a ReadProcessMemory or WriteProcessMemory request was completed. (0x12B)
[0223/231414.087:ERROR:process_memory_win.cc(73)] ReadMemory at 0x7ff9221ff974 of 608 bytes failed: Only part of a ReadProcessMemory or WriteProcessMemory request was completed. (0x12B)
[0223/231414.088:ERROR:process_memory_win.cc(73)] ReadMemory at 0x7ff92228c428 of 18 bytes failed: Only part of a ReadProcessMemory or WriteProcessMemory request was completed. (0x12B)
[0223/231414.088:ERROR:process_memory_win.cc(73)] ReadMemory at 0x7ff9222bf4f8 of 40 bytes failed: Only part of a ReadProcessMemory or WriteProcessMemory request was completed. (0x12B)
[0223/231414.088:ERROR:process_memory_win.cc(73)] ReadMemory at 0x7ff9222bf978 of 48 bytes failed: Only part of a ReadProcessMemory or WriteProcessMemory request was completed. (0x12B)
[0223/231414.088:ERROR:process_memory_win.cc(73)] ReadMemory at 0x7ff9222c53c0 of 64 bytes failed: Only part of a ReadProcessMemory or WriteProcessMemory request was completed. (0x12B)
[0223/231414.090:ERROR:scoped_process_suspend.cc(40)] NtResumeProcess: An attempt was made to access an exiting process. (0xc000010a)
